Unity Editor version:    2022.3.25f1 (530ae0ba3889)
Branch:                  2022.3/staging
Build type:              Release
Batch mode:              YES
macOS version:           Version 14.4.1 (Build 23E224)
Darwin version:          23.4.0
Architecture:            arm64
Running under Rosetta:   NO
Available memory:        8192 MB
Using pre-set license
Pro License: YES

COMMAND LINE ARGUMENTS:
/Users/sanggi/Desktop/상기폴더/2022.3.25f1/Unity.app/Contents/MacOS/Unity
-adb2
-batchMode
-noUpm
-name
AssetImportWorker0
-projectPath
/Users/sanggi/ballgame
-logFile
Logs/AssetImportWorker0.log
-srvPort
55072
Successfully changed project path to: /Users/sanggi/ballgame
/Users/sanggi/ballgame
[UnityMemory] Configuration Parameters - Can be set up in boot.config
    "memorysetup-bucket-allocator-granularity=16"
    "memorysetup-bucket-allocator-bucket-count=8"
    "memorysetup-bucket-allocator-block-size=33554432"
    "memorysetup-bucket-allocator-block-count=8"
    "memorysetup-main-allocator-block-size=16777216"
    "memorysetup-thread-allocator-block-size=16777216"
    "memorysetup-gfx-main-allocator-block-size=16777216"
    "memorysetup-gfx-thread-allocator-block-size=16777216"
    "memorysetup-cache-allocator-block-size=4194304"
    "memorysetup-typetree-allocator-block-size=2097152"
    "memorysetup-profiler-bucket-allocator-granularity=16"
    "memorysetup-profiler-bucket-allocator-bucket-count=8"
    "memorysetup-profiler-bucket-allocator-block-size=33554432"
    "memorysetup-profiler-bucket-allocator-block-count=8"
    "memorysetup-profiler-allocator-block-size=16777216"
    "memorysetup-profiler-editor-allocator-block-size=1048576"
    "memorysetup-temp-allocator-size-main=16777216"
    "memorysetup-job-temp-allocator-block-size=2097152"
    "memorysetup-job-temp-allocator-block-size-background=1048576"
    "memorysetup-job-temp-allocator-reduction-small-platforms=262144"
    "memorysetup-allocator-temp-initial-block-size-main=262144"
    "memorysetup-allocator-temp-initial-block-size-worker=262144"
    "memorysetup-temp-allocator-size-background-worker=32768"
    "memorysetup-temp-allocator-size-job-worker=262144"
    "memorysetup-temp-allocator-size-preload-manager=33554432"
    "memorysetup-temp-allocator-size-nav-mesh-worker=65536"
    "memorysetup-temp-allocator-size-audio-worker=65536"
    "memorysetup-temp-allocator-size-cloud-worker=32768"
    "memorysetup-temp-allocator-size-gi-baking-worker=262144"
    "memorysetup-temp-allocator-size-gfx=262144"
Player connection [8650898112] Host "[IP] 192.168.219.237 [Port] 0 [Flags] 2 [Guid] 679437102 [EditorId] 679437102 [Version] 1048832 [Id] OSXEditor(0,sanggis-MacBook-Air.local) [Debug] 1 [PackageName] OSXEditor [ProjectName] Editor" joined multi-casting on [225.0.0.222:54997]...

Player connection [8650898112] Host "[IP] 192.168.219.237 [Port] 0 [Flags] 2 [Guid] 679437102 [EditorId] 679437102 [Version] 1048832 [Id] OSXEditor(0,sanggis-MacBook-Air.local) [Debug] 1 [PackageName] OSXEditor [ProjectName] Editor" joined alternative multi-casting on [225.0.0.222:34997]...

[Physics::Module] Initialized MultithreadedJobDispatcher with 7 workers.
Refreshing native plugins compatible for Editor in 11.99 ms, found 2 plugins.
Preloading 0 native plugins for Editor in 0.00 ms.
Initialize engine version: 2022.3.25f1 (530ae0ba3889)
[Subsystems] Discovering subsystems at path /Users/sanggi/Desktop/상기폴더/2022.3.25f1/Unity.app/Contents/Resources/UnitySubsystems
[Subsystems] Discovering subsystems at path /Users/sanggi/ballgame/Assets
GfxDevice: creating device client; threaded=0; jobified=0
 preferred device: Apple M1 (high power)
Metal devices available: 1
0: Apple M1 (high power)
Using device Apple M1 (high power)
Initializing Metal device caps: Apple M1
Initialize mono
Mono path[0] = '/Users/sanggi/Desktop/상기폴더/2022.3.25f1/Unity.app/Contents/Managed'
Mono path[1] = '/Users/sanggi/Desktop/상기폴더/2022.3.25f1/Unity.app/Contents/MonoBleedingEdge/lib/mono/unityjit-macos'
Mono config path = '/Users/sanggi/Desktop/상기폴더/2022.3.25f1/Unity.app/Contents/MonoBleedingEdge/etc'
Using monoOptions --debugger-agent=transport=dt_socket,embedding=1,server=y,suspend=n,address=127.0.0.1:56429
Begin MonoManager ReloadAssembly
Registering precompiled unity dll's ...
Register platform support module: /Users/sanggi/Desktop/상기폴더/2022.3.25f1/PlaybackEngines/WebGLSupport/UnityEditor.WebGL.Extensions.dll
Register platform support module: /Users/sanggi/Desktop/상기폴더/2022.3.25f1/Unity.app/Contents/PlaybackEngines/MacStandaloneSupport/UnityEditor.OSXStandalone.Extensions.dll
Registered in 0.003679 seconds.
- Loaded All Assemblies, in 18.821 seconds
Native extension for OSXStandalone target not found
Native extension for WebGL target not found
Mono: successfully reloaded assembly
- Finished resetting the current domain, in  0.190 seconds
Domain Reload Profiling: 19011ms
	BeginReloadAssembly (102ms)
		ExecutionOrderSort (0ms)
		DisableScriptedObjects (0ms)
		BackupInstance (0ms)
		ReleaseScriptingObjects (0ms)
		CreateAndSetChildDomain (1ms)
	RebuildCommonClasses (31ms)
	RebuildNativeTypeToScriptingClass (8ms)
	initialDomainReloadingComplete (44ms)
	LoadAllAssembliesAndSetupDomain (18637ms)
		LoadAssemblies (102ms)
		RebuildTransferFunctionScriptingTraits (0ms)
		AnalyzeDomain (18633ms)
			TypeCache.Refresh (18628ms)
				TypeCache.ScanAssembly (18612ms)
			ScanForSourceGeneratedMonoScriptInfo (0ms)
			ResolveRequiredComponents (2ms)
	FinalizeReload (190ms)
		ReleaseScriptCaches (0ms)
		RebuildScriptCaches (0ms)
		SetupLoadedEditorAssemblies (143ms)
			LogAssemblyErrors (0ms)
			InitializePlatformSupportModulesInManaged (7ms)
			SetLoadedEditorAssemblies (4ms)
			RefreshPlugins (0ms)
			BeforeProcessingInitializeOnLoad (2ms)
			ProcessInitializeOnLoadAttributes (98ms)
			ProcessInitializeOnLoadMethodAttributes (31ms)
			AfterProcessingInitializeOnLoad (0ms)
			EditorAssembliesLoaded (0ms)
		ExecutionOrderSort2 (0ms)
		AwakeInstancesAfterBackupRestoration (0ms)
========================================================================
Worker process is ready to serve import requests
Begin MonoManager ReloadAssembly
- Loaded All Assemblies, in  0.602 seconds
Refreshing native plugins compatible for Editor in 1.76 ms, found 2 plugins.
Native extension for OSXStandalone target not found
Native extension for WebGL target not found
Package Manager log level set to [2]
[Package Manager] Server::EnsureServerProcessIsRunning -- launch failed, reason: Unity was launched with the -noUpm command-line argument
[Package Manager] UpmClient::Send -- Unable to send message (not connected to UPM process).
[Package Manager] Cannot connect to Unity Package Manager local server
Mono: successfully reloaded assembly
- Finished resetting the current domain, in  0.515 seconds
Domain Reload Profiling: 1118ms
	BeginReloadAssembly (141ms)
		ExecutionOrderSort (0ms)
		DisableScriptedObjects (3ms)
		BackupInstance (0ms)
		ReleaseScriptingObjects (0ms)
		CreateAndSetChildDomain (23ms)
	RebuildCommonClasses (29ms)
	RebuildNativeTypeToScriptingClass (8ms)
	initialDomainReloadingComplete (28ms)
	LoadAllAssembliesAndSetupDomain (396ms)
		LoadAssemblies (314ms)
		RebuildTransferFunctionScriptingTraits (0ms)
		AnalyzeDomain (165ms)
			TypeCache.Refresh (152ms)
				TypeCache.ScanAssembly (129ms)
			ScanForSourceGeneratedMonoScriptInfo (8ms)
			ResolveRequiredComponents (4ms)
	FinalizeReload (516ms)
		ReleaseScriptCaches (0ms)
		RebuildScriptCaches (0ms)
		SetupLoadedEditorAssemblies (410ms)
			LogAssemblyErrors (0ms)
			InitializePlatformSupportModulesInManaged (4ms)
			SetLoadedEditorAssemblies (3ms)
			RefreshPlugins (0ms)
			BeforeProcessingInitializeOnLoad (37ms)
			ProcessInitializeOnLoadAttributes (353ms)
			ProcessInitializeOnLoadMethodAttributes (12ms)
			AfterProcessingInitializeOnLoad (1ms)
			EditorAssembliesLoaded (0ms)
		ExecutionOrderSort2 (0ms)
		AwakeInstancesAfterBackupRestoration (2ms)
Launching external process: /Users/sanggi/Desktop/상기폴더/2022.3.25f1/Unity.app/Contents/Tools/UnityShaderCompiler
Launched and connected shader compiler UnityShaderCompiler after 0.45 seconds
Refreshing native plugins compatible for Editor in 0.86 ms, found 2 plugins.
Preloading 0 native plugins for Editor in 0.00 ms.
Unloading 3233 Unused Serialized files (Serialized files now loaded: 0)
Unloading 44 unused Assets / (1.8 MB). Loaded Objects now: 3682.
Memory consumption went from 145.2 MB to 143.4 MB.
Total: 3.356083 ms (FindLiveObjects: 0.170084 ms CreateObjectMapping: 0.042500 ms MarkObjects: 2.703292 ms  DeleteObjects: 0.439666 ms)

AssetImportParameters requested are different than current active one (requested -> active):
  custom:container-demuxer-ogg: 62fdf1f143b41e24485cea50d1cbac27 -> 
  custom:video-decoder-ogg-theora: a1e56fd34408186e4bbccfd4996cb3dc -> 
  custom:CustomObjectIndexerAttribute: 9a22284fe3817be447336de3de66b15e -> 
  custom:container-demuxer-webm: 4f35f7cbe854078d1ac9338744f61a02 -> 
  custom:container-muxer-webm: aa71ff27fc2769a1b78a27578f13a17b -> 
  custom:video-decoder-webm-vp8: 9c59270c3fd7afecdb556c50c9e8de78 -> 
  custom:SearchIndexIgnoredProperties: e643bd26f0fe6173181afceb89e7c659 -> 
  custom:AudioImporter_EditorPlatform: 3918e3fc78b5a79bad01e8451be0beb8 -> 
  custom:framework-osx-AVFoundation: e770b220cccbd017edd2c1fefb359320 -> 
  custom:video-encoder-webm-vp8: eb34c28f22e8b96e1ab97ce403110664 -> 
  custom:audio-decoder-ogg-vorbis: bf7c407c2cedff20999df2af8eb42d56 -> 
  custom:audio-encoder-webm-vorbis: bf7c407c2cedff20999df2af8eb42d56 -> 
========================================================================
Received Import Request.
  Time since last request: 82076.198927 seconds.
  path: Assets/Furniture_ges1/tv/tv_tex.tga
  artifactKey: Guid(8ac3feffa89a9674287e35e4dc06f297) Importer(815301076,1909f56bfc062723c751e8b465ee728b)
Start importing Assets/Furniture_ges1/tv/tv_tex.tga using Guid(8ac3feffa89a9674287e35e4dc06f297) Importer(815301076,1909f56bfc062723c751e8b465ee728b)  -> (artifact id: '51e08f84fb12a3fbcd46bc93ef20ce59') in 0.087390 seconds
Number of updated asset objects reloaded before import = 0
Number of asset objects unloaded after import = 2
========================================================================
Received Import Request.
  Time since last request: 0.000041 seconds.
  path: Assets/Furniture_ges1/scene/Lightmap-0_comp_dir.png
  artifactKey: Guid(e87e38915f11d0343b81b00ec74c4ca9) Importer(815301076,1909f56bfc062723c751e8b465ee728b)
Start importing Assets/Furniture_ges1/scene/Lightmap-0_comp_dir.png using Guid(e87e38915f11d0343b81b00ec74c4ca9) Importer(815301076,1909f56bfc062723c751e8b465ee728b)  -> (artifact id: 'aa0e7e16e42b7c0e31989d656a1b1067') in 0.004373 seconds
Number of updated asset objects reloaded before import = 0
Number of asset objects unloaded after import = 2
========================================================================
Received Import Request.
  Time since last request: 0.000217 seconds.
  path: Assets/Furniture_ges1/sek/sek1.jpg
  artifactKey: Guid(21edafd971eb8fa468654d20e2bdb626) Importer(815301076,1909f56bfc062723c751e8b465ee728b)
Start importing Assets/Furniture_ges1/sek/sek1.jpg using Guid(21edafd971eb8fa468654d20e2bdb626) Importer(815301076,1909f56bfc062723c751e8b465ee728b)  -> (artifact id: '2bae8acfada14e5c469afab6d556adf6') in 0.003784 seconds
Number of updated asset objects reloaded before import = 0
Number of asset objects unloaded after import = 2
========================================================================
Received Import Request.
  Time since last request: 0.000089 seconds.
  path: Assets/Furniture_ges1/bed1/bed1normal.jpg
  artifactKey: Guid(94dbafbb78811154088066320104b30b) Importer(815301076,1909f56bfc062723c751e8b465ee728b)
Start importing Assets/Furniture_ges1/bed1/bed1normal.jpg using Guid(94dbafbb78811154088066320104b30b) Importer(815301076,1909f56bfc062723c751e8b465ee728b)  -> (artifact id: '7ea4d0069a09ace342df6175629f7c56') in 0.034289 seconds
Number of updated asset objects reloaded before import = 0
Number of asset objects unloaded after import = 2
========================================================================
Received Import Request.
  Time since last request: 0.000063 seconds.
  path: Assets/Furniture_ges1/printer/printer.FBX
  artifactKey: Guid(d734e0f1e8152164f912667b484f1bb9) Importer(815301076,1909f56bfc062723c751e8b465ee728b)
Start importing Assets/Furniture_ges1/printer/printer.FBX using Guid(d734e0f1e8152164f912667b484f1bb9) Importer(815301076,1909f56bfc062723c751e8b465ee728b)  -> (artifact id: 'ccd80c8de1111820204c5038f95cfa19') in 0.070021 seconds
Number of updated asset objects reloaded before import = 0
Number of asset objects unloaded after import = 11
========================================================================
Received Import Request.
  Time since last request: 0.000038 seconds.
  path: Assets/Furniture_ges1/scene/ReflectionProbe-0.exr
  artifactKey: Guid(364e3c2ec1b6dc441a6f610db70a5b60) Importer(815301076,1909f56bfc062723c751e8b465ee728b)
Start importing Assets/Furniture_ges1/scene/ReflectionProbe-0.exr using Guid(364e3c2ec1b6dc441a6f610db70a5b60) Importer(815301076,1909f56bfc062723c751e8b465ee728b)  -> (artifact id: 'af7b4251d2ae0a2f0a2574d43b3423c4') in 0.026092 seconds
Number of updated asset objects reloaded before import = 0
Number of asset objects unloaded after import = 1
========================================================================
Received Import Request.
  Time since last request: 0.000039 seconds.
  path: Assets/Furniture_ges1/PostProcessing.asset
  artifactKey: Guid(62a81ea9143806d4da8feaa9cf41ba0b) Importer(815301076,1909f56bfc062723c751e8b465ee728b)
Start importing Assets/Furniture_ges1/PostProcessing.asset using Guid(62a81ea9143806d4da8feaa9cf41ba0b) Importer(815301076,1909f56bfc062723c751e8b465ee728b)  -> (artifact id: '08789d7e0c37cc5ad50ad3d114350032') in 0.000945 seconds
Number of updated asset objects reloaded before import = 0
Number of asset objects unloaded after import = 1
========================================================================
Received Import Request.
  Time since last request: 0.000210 seconds.
  path: Assets/Furniture_ges1/tv/tv1.FBX
  artifactKey: Guid(23e5f126029186c47a301cb4c506b280) Importer(815301076,1909f56bfc062723c751e8b465ee728b)
Start importing Assets/Furniture_ges1/tv/tv1.FBX using Guid(23e5f126029186c47a301cb4c506b280) Importer(815301076,1909f56bfc062723c751e8b465ee728b)  -> (artifact id: '13a38ac5f4dce33e08aa9d762c3eefdb') in 0.652356 seconds
Number of updated asset objects reloaded before import = 0
Number of asset objects unloaded after import = 13
========================================================================
Received Import Request.
  Time since last request: 0.000055 seconds.
  path: Assets/Furniture_ges1/scene/Lightmap-0_comp_light.exr
  artifactKey: Guid(f5a2f3cf905d45b47ac46018ea2b3283) Importer(815301076,1909f56bfc062723c751e8b465ee728b)
Start importing Assets/Furniture_ges1/scene/Lightmap-0_comp_light.exr using Guid(f5a2f3cf905d45b47ac46018ea2b3283) Importer(815301076,1909f56bfc062723c751e8b465ee728b)  -> (artifact id: '5c1c804fe5c40ad3b523a54c178065a6') in 0.041348 seconds
Number of updated asset objects reloaded before import = 0
Number of asset objects unloaded after import = 2
========================================================================
Received Import Request.
  Time since last request: 0.000053 seconds.
  path: Assets/Furniture_ges1/screen/screen.FBX
  artifactKey: Guid(92f18712826840f4bb15ca76d3f7d765) Importer(815301076,1909f56bfc062723c751e8b465ee728b)
Start importing Assets/Furniture_ges1/screen/screen.FBX using Guid(92f18712826840f4bb15ca76d3f7d765) Importer(815301076,1909f56bfc062723c751e8b465ee728b)  -> (artifact id: '0409f56d49d161cd6abdff5fbcc7ba45') in 0.369075 seconds
Number of updated asset objects reloaded before import = 0
Number of asset objects unloaded after import = 11
========================================================================
Received Import Request.
  Time since last request: 3.593978 seconds.
  path: Assets/Furniture_ges1/scene.unity
  artifactKey: Guid(634c41117f48a1940933d58845b6f252) Importer(815301076,1909f56bfc062723c751e8b465ee728b)
Start importing Assets/Furniture_ges1/scene.unity using Guid(634c41117f48a1940933d58845b6f252) Importer(815301076,1909f56bfc062723c751e8b465ee728b)  -> (artifact id: 'bce32bc5a0cbbec9b99d15194b0ce170') in 0.002649 seconds
Number of updated asset objects reloaded before import = 0
Number of asset objects unloaded after import = 0
========================================================================
Received Import Request.
  Time since last request: 68.149727 seconds.
  path: Assets/Scenes/SampleScene.unity
  artifactKey: Guid(9fc0d4010bbf28b4594072e72b8655ab) Importer(815301076,1909f56bfc062723c751e8b465ee728b)
Start importing Assets/Scenes/SampleScene.unity using Guid(9fc0d4010bbf28b4594072e72b8655ab) Importer(815301076,1909f56bfc062723c751e8b465ee728b)  -> (artifact id: '1f2f288ccb0b687041db71d95294dd4f') in 0.004606 seconds
Number of updated asset objects reloaded before import = 0
Number of asset objects unloaded after import = 0
========================================================================
Received Import Request.
  Time since last request: 12.727364 seconds.
  path: Assets/Furniture_ges1/scene.unity
  artifactKey: Guid(634c41117f48a1940933d58845b6f252) Importer(815301076,1909f56bfc062723c751e8b465ee728b)
Start importing Assets/Furniture_ges1/scene.unity using Guid(634c41117f48a1940933d58845b6f252) Importer(815301076,1909f56bfc062723c751e8b465ee728b)  -> (artifact id: 'e49a92ef858510ba2b84da68d4bd058f') in 0.002820 seconds
Number of updated asset objects reloaded before import = 0
Number of asset objects unloaded after import = 0
========================================================================
Received Prepare
Begin MonoManager ReloadAssembly
Thread 0x301587000 may have been prematurely finalized
- Loaded All Assemblies, in  0.341 seconds
Refreshing native plugins compatible for Editor in 2.38 ms, found 2 plugins.
Native extension for OSXStandalone target not found
Native extension for WebGL target not found
[Package Manager] Server::EnsureServerProcessIsRunning -- launch failed, reason: Unity was launched with the -noUpm command-line argument
[Package Manager] UpmClient::Send -- Unable to send message (not connected to UPM process).
[Package Manager] Cannot connect to Unity Package Manager local server
Mono: successfully reloaded assembly
- Finished resetting the current domain, in  0.894 seconds
Domain Reload Profiling: 1235ms
	BeginReloadAssembly (114ms)
		ExecutionOrderSort (0ms)
		DisableScriptedObjects (4ms)
		BackupInstance (0ms)
		ReleaseScriptingObjects (0ms)
		CreateAndSetChildDomain (47ms)
	RebuildCommonClasses (29ms)
	RebuildNativeTypeToScriptingClass (9ms)
	initialDomainReloadingComplete (27ms)
	LoadAllAssembliesAndSetupDomain (162ms)
		LoadAssemblies (179ms)
		RebuildTransferFunctionScriptingTraits (0ms)
		AnalyzeDomain (21ms)
			TypeCache.Refresh (15ms)
				TypeCache.ScanAssembly (0ms)
			ScanForSourceGeneratedMonoScriptInfo (0ms)
			ResolveRequiredComponents (5ms)
	FinalizeReload (894ms)
		ReleaseScriptCaches (0ms)
		RebuildScriptCaches (0ms)
		SetupLoadedEditorAssemblies (405ms)
			LogAssemblyErrors (0ms)
			InitializePlatformSupportModulesInManaged (3ms)
			SetLoadedEditorAssemblies (3ms)
			RefreshPlugins (0ms)
			BeforeProcessingInitializeOnLoad (36ms)
			ProcessInitializeOnLoadAttributes (347ms)
			ProcessInitializeOnLoadMethodAttributes (14ms)
			AfterProcessingInitializeOnLoad (1ms)
			EditorAssembliesLoaded (0ms)
		ExecutionOrderSort2 (0ms)
		AwakeInstancesAfterBackupRestoration (3ms)
Refreshing native plugins compatible for Editor in 0.86 ms, found 2 plugins.
Preloading 0 native plugins for Editor in 0.00 ms.
Unloading 3198 Unused Serialized files (Serialized files now loaded: 0)
Unloading 35 unused Assets / (1.8 MB). Loaded Objects now: 3729.
Memory consumption went from 150.9 MB to 149.1 MB.
Total: 5.574833 ms (FindLiveObjects: 0.244917 ms CreateObjectMapping: 0.241458 ms MarkObjects: 4.242125 ms  DeleteObjects: 0.845292 ms)

Prepare: number of updated asset objects reloaded= 0
AssetImportParameters requested are different than current active one (requested -> active):
  custom:container-demuxer-ogg: 62fdf1f143b41e24485cea50d1cbac27 -> 
  custom:video-decoder-ogg-theora: a1e56fd34408186e4bbccfd4996cb3dc -> 
  custom:CustomObjectIndexerAttribute: 9a22284fe3817be447336de3de66b15e -> 
  custom:container-demuxer-webm: 4f35f7cbe854078d1ac9338744f61a02 -> 
  custom:container-muxer-webm: aa71ff27fc2769a1b78a27578f13a17b -> 
  custom:video-decoder-webm-vp8: 9c59270c3fd7afecdb556c50c9e8de78 -> 
  custom:SearchIndexIgnoredProperties: e643bd26f0fe6173181afceb89e7c659 -> 
  custom:AudioImporter_EditorPlatform: 3918e3fc78b5a79bad01e8451be0beb8 -> 
  custom:framework-osx-AVFoundation: e770b220cccbd017edd2c1fefb359320 -> 
  custom:video-encoder-webm-vp8: eb34c28f22e8b96e1ab97ce403110664 -> 
  custom:audio-decoder-ogg-vorbis: bf7c407c2cedff20999df2af8eb42d56 -> 
  custom:audio-encoder-webm-vorbis: bf7c407c2cedff20999df2af8eb42d56 -> 
